<?xml version="1.0" encoding="UTF-8"?>
<!-- Generated by org.testng.reporters.JUnitXMLReporter -->
<testsuite ignored="2" hostname="Neethas-MacBook-Pro.local" failures="1" tests="1" name="Test" time="0.182" errors="0" timestamp="2021-11-10T23:14:19 PST">
  <testcase classname="com.saatvaTest.signUp.ValidateDataSignup" name="createAccountwithValidData" time="0.016">
    <failure type="org.testng.internal.reflect.MethodMatcherException" message="
[public void com.saatvaTest.signUp.ValidateDataSignup.createAccountwithValidData(java.lang.Object) throws java.lang.InterruptedException] has no parameters defined but was found to be using a data provider (either explicitly specified or inherited from class level annotation).
Data provider mismatch
Method: createAccountwithValidData([Parameter{index=0, type=java.lang.Object, declaredAnnotations=[]}])
Arguments: [(java.util.HashMap) {TestCaseNum=1.0, Email=jrg@mailinator.com, FirstName=Johnn, LastName=Roger, Password=123Test12$},null,null,null,null]">
      <![CDATA[org.testng.internal.reflect.MethodMatcherException: 
[public void com.saatvaTest.signUp.ValidateDataSignup.createAccountwithValidData(java.lang.Object) throws java.lang.InterruptedException] has no parameters defined but was found to be using a data provider (either explicitly specified or inherited from class level annotation).
Data provider mismatch
Method: createAccountwithValidData([Parameter{index=0, type=java.lang.Object, declaredAnnotations=[]}])
Arguments: [(java.util.HashMap) {TestCaseNum=1.0, Email=jrg@mailinator.com, FirstName=Johnn, LastName=Roger, Password=123Test12$},null,null,null,null]
at java.base/java.util.ArrayList.forEach(ArrayList.java:1511)
... Removed 22 stack frames]]>
    </failure>
  </testcase> <!-- createAccountwithValidData -->
  <testcase classname="com.saatvaTest.signUp.InvalidDataSignup" name="errorPasswdMsgVerification" time="0.0">
    <ignored/>
  </testcase> <!-- errorPasswdMsgVerification -->
  <testcase classname="com.saatvaTest.signUp.ValidateDataSignup" name="signupAcc_longName" time="0.0">
    <ignored/>
  </testcase> <!-- signupAcc_longName -->
</testsuite> <!-- Test -->
