<?xml version="1.0" encoding="UTF-8"?>
<testng-results ignored="3" total="6" passed="3" failed="0" skipped="0">
  <reporter-output>
  </reporter-output>
  <suite started-at="2021-11-04T14:18:14 PDT" name="Suite" finished-at="2021-11-04T14:18:53 PDT" duration-ms="38865">
    <groups>
    </groups>
    <test started-at="2021-11-04T14:18:14 PDT" name="Test" finished-at="2021-11-04T14:18:53 PDT" duration-ms="38865">
      <class name="com.saatvaTest.signUp.InvalidDataSignup">
        <test-method is-config="true" signature="setUp()[pri:0, instance:com.saatvaTest.signUp.InvalidDataSignup@76a2ddf3]" started-at="2021-11-04T14:18:21 PDT" name="setUp" finished-at="2021-11-04T14:18:26 PDT" duration-ms="5021" status="PASS">
          <reporter-output>
          </reporter-output>
        </test-method> <!-- setUp -->
        <test-method signature="createAccountwithExistingAccEmail()[pri:0, instance:com.saatvaTest.signUp.InvalidDataSignup@76a2ddf3]" started-at="2021-11-04T14:18:26 PDT" name="createAccountwithExistingAccEmail" finished-at="2021-11-04T14:18:35 PDT" duration-ms="9327" status="PASS">
          <reporter-output>
          </reporter-output>
        </test-method> <!-- createAccountwithExistingAccEmail -->
        <test-method is-config="true" signature="cleanup()[pri:0, instance:com.saatvaTest.signUp.InvalidDataSignup@76a2ddf3]" started-at="2021-11-04T14:18:35 PDT" name="cleanup" finished-at="2021-11-04T14:18:35 PDT" duration-ms="114" status="PASS">
          <reporter-output>
          </reporter-output>
        </test-method> <!-- cleanup -->
        <test-method is-config="true" signature="setUp()[pri:0, instance:com.saatvaTest.signUp.InvalidDataSignup@76a2ddf3]" started-at="2021-11-04T14:18:35 PDT" name="setUp" finished-at="2021-11-04T14:18:39 PDT" duration-ms="4154" status="PASS">
          <reporter-output>
          </reporter-output>
        </test-method> <!-- setUp -->
        <test-method signature="errorEmailMsgVerification()[pri:0, instance:com.saatvaTest.signUp.InvalidDataSignup@76a2ddf3]" started-at="2021-11-04T14:18:39 PDT" name="errorEmailMsgVerification" finished-at="2021-11-04T14:18:53 PDT" duration-ms="13575" status="PASS">
          <reporter-output>
          </reporter-output>
        </test-method> <!-- errorEmailMsgVerification -->
        <test-method is-config="true" signature="cleanup()[pri:0, instance:com.saatvaTest.signUp.InvalidDataSignup@76a2ddf3]" started-at="2021-11-04T14:18:53 PDT" name="cleanup" finished-at="2021-11-04T14:18:53 PDT" duration-ms="107" status="PASS">
          <reporter-output>
          </reporter-output>
        </test-method> <!-- cleanup -->
      </class> <!-- com.saatvaTest.signUp.InvalidDataSignup -->
      <class name="com.saatvaTest.signUp.ValidateDataSignup">
        <test-method is-config="true" signature="setUp()[pri:0, instance:com.saatvaTest.signUp.ValidateDataSignup@66c61024]" started-at="2021-11-04T14:18:14 PDT" name="setUp" finished-at="2021-11-04T14:18:21 PDT" duration-ms="6254" status="PASS">
          <reporter-output>
          </reporter-output>
        </test-method> <!-- setUp -->
        <test-method signature="signupAcc()[pri:0, instance:com.saatvaTest.signUp.ValidateDataSignup@66c61024]" started-at="2021-11-04T14:18:21 PDT" name="signupAcc" finished-at="2021-11-04T14:18:21 PDT" duration-ms="14" status="PASS">
          <reporter-output>
          </reporter-output>
        </test-method> <!-- signupAcc -->
        <test-method is-config="true" signature="cleanup()[pri:0, instance:com.saatvaTest.signUp.ValidateDataSignup@66c61024]" started-at="2021-11-04T14:18:21 PDT" name="cleanup" finished-at="2021-11-04T14:18:21 PDT" duration-ms="108" status="PASS">
          <reporter-output>
          </reporter-output>
        </test-method> <!-- cleanup -->
      </class> <!-- com.saatvaTest.signUp.ValidateDataSignup -->
    </test> <!-- Test -->
  </suite> <!-- Suite -->
</testng-results>
